2019-04-03 15:44:44,957 - Log4JLogChute initialized using file 'velocity.log'
2019-04-03 15:44:44,958 - Initializing Velocity, Calling init()...
2019-04-03 15:44:44,958 - Starting Apache Velocity v1.7 (compiled: 2010-11-19 12:14:37)
2019-04-03 15:44:44,958 - Default Properties File: org\apache\velocity\runtime\defaults\velocity.properties
2019-04-03 15:44:44,958 - Trying to use logger class org.apache.velocity.runtime.log.AvalonLogChute
2019-04-03 15:44:44,958 - Target log system for org.apache.velocity.runtime.log.AvalonLogChute is not available (java.lang.NoClassDefFoundError: org/apache/log/format/Formatter).  Falling back to next log system...
2019-04-03 15:44:44,958 - Trying to use logger class org.apache.velocity.runtime.log.Log4JLogChute
2019-04-03 15:44:44,958 - Using logger class org.apache.velocity.runtime.log.Log4JLogChute
2019-04-03 15:44:44,961 - ResourceLoader instantiated: org.apache.velocity.runtime.resource.loader.ClasspathResourceLoader
2019-04-03 15:44:44,974 - ResourceCache: initialized (class org.apache.velocity.runtime.resource.ResourceCacheImpl) with class java.util.Collections$SynchronizedMap cache map.
2019-04-03 15:44:44,976 - Loaded System Directive: org.apache.velocity.runtime.directive.Stop
2019-04-03 15:44:44,977 - Loaded System Directive: org.apache.velocity.runtime.directive.Define
2019-04-03 15:44:44,978 - Loaded System Directive: org.apache.velocity.runtime.directive.Break
2019-04-03 15:44:44,979 - Loaded System Directive: org.apache.velocity.runtime.directive.Evaluate
2019-04-03 15:44:44,979 - Loaded System Directive: org.apache.velocity.runtime.directive.Literal
2019-04-03 15:44:44,980 - Loaded System Directive: org.apache.velocity.runtime.directive.Macro
2019-04-03 15:44:44,982 - Loaded System Directive: org.apache.velocity.runtime.directive.Parse
2019-04-03 15:44:44,983 - Loaded System Directive: org.apache.velocity.runtime.directive.Include
2019-04-03 15:44:44,984 - Loaded System Directive: org.apache.velocity.runtime.directive.Foreach
2019-04-03 15:44:45,010 - Created '20' parsers.
2019-04-03 15:44:45,015 - Velocimacro : "velocimacro.library" is not set.  Trying default library: VM_global_library.vm
2019-04-03 15:44:45,015 - Could not load resource 'VM_global_library.vm' from ResourceLoader org.apache.velocity.runtime.resource.loader.ClasspathResourceLoader: ClasspathResourceLoader Error: cannot find resource VM_global_library.vm
2019-04-03 15:44:45,015 - Velocimacro : Default library not found.
2019-04-03 15:44:45,015 - Velocimacro : allowInline = true : VMs can be defined inline in templates
2019-04-03 15:44:45,015 - Velocimacro : allowInlineToOverride = false : VMs defined inline may NOT replace previous VM definitions
2019-04-03 15:44:45,015 - Velocimacro : allowInlineLocal = false : VMs defined inline will be global in scope if allowed.
2019-04-03 15:44:45,015 - Velocimacro : autoload off : VM system will not automatically reload global library macros
2019-04-03 15:44:45,045 - ResourceManager : found /templates/entity.java.vm with loader org.apache.velocity.runtime.resource.loader.ClasspathResourceLoader
2019-04-03 15:44:45,057 - Left side (${versionFieldName}) of '==' operation has null value. If it is a reference, it may not be in the context or its toString() returned null. /templates/entity.java.vm[line 76, column 26]
2019-04-03 15:44:45,057 - Left side (${logicDeleteFieldName}) of '==' operation has null value. If it is a reference, it may not be in the context or its toString() returned null. /templates/entity.java.vm[line 80, column 30]
2019-04-03 15:44:45,057 - Left side (${versionFieldName}) of '==' operation has null value. If it is a reference, it may not be in the context or its toString() returned null. /templates/entity.java.vm[line 76, column 26]
2019-04-03 15:44:45,058 - Left side (${logicDeleteFieldName}) of '==' operation has null value. If it is a reference, it may not be in the context or its toString() returned null. /templates/entity.java.vm[line 80, column 30]
2019-04-03 15:44:45,058 - Left side (${versionFieldName}) of '==' operation has null value. If it is a reference, it may not be in the context or its toString() returned null. /templates/entity.java.vm[line 76, column 26]
2019-04-03 15:44:45,058 - Left side (${logicDeleteFieldName}) of '==' operation has null value. If it is a reference, it may not be in the context or its toString() returned null. /templates/entity.java.vm[line 80, column 30]
2019-04-03 15:44:45,058 - Left side (${versionFieldName}) of '==' operation has null value. If it is a reference, it may not be in the context or its toString() returned null. /templates/entity.java.vm[line 76, column 26]
2019-04-03 15:44:45,058 - Left side (${logicDeleteFieldName}) of '==' operation has null value. If it is a reference, it may not be in the context or its toString() returned null. /templates/entity.java.vm[line 80, column 30]
2019-04-03 15:44:45,058 - Left side (${versionFieldName}) of '==' operation has null value. If it is a reference, it may not be in the context or its toString() returned null. /templates/entity.java.vm[line 76, column 26]
2019-04-03 15:44:45,058 - Left side (${logicDeleteFieldName}) of '==' operation has null value. If it is a reference, it may not be in the context or its toString() returned null. /templates/entity.java.vm[line 80, column 30]
2019-04-03 15:44:45,059 - Left side (${versionFieldName}) of '==' operation has null value. If it is a reference, it may not be in the context or its toString() returned null. /templates/entity.java.vm[line 76, column 26]
2019-04-03 15:44:45,059 - Left side (${logicDeleteFieldName}) of '==' operation has null value. If it is a reference, it may not be in the context or its toString() returned null. /templates/entity.java.vm[line 80, column 30]
2019-04-03 15:44:45,059 - Left side (${versionFieldName}) of '==' operation has null value. If it is a reference, it may not be in the context or its toString() returned null. /templates/entity.java.vm[line 76, column 26]
2019-04-03 15:44:45,061 - Left side (${logicDeleteFieldName}) of '==' operation has null value. If it is a reference, it may not be in the context or its toString() returned null. /templates/entity.java.vm[line 80, column 30]
2019-04-03 15:44:45,062 - Left side (${versionFieldName}) of '==' operation has null value. If it is a reference, it may not be in the context or its toString() returned null. /templates/entity.java.vm[line 76, column 26]
2019-04-03 15:44:45,062 - Left side (${logicDeleteFieldName}) of '==' operation has null value. If it is a reference, it may not be in the context or its toString() returned null. /templates/entity.java.vm[line 80, column 30]
2019-04-03 15:44:45,062 - Left side (${versionFieldName}) of '==' operation has null value. If it is a reference, it may not be in the context or its toString() returned null. /templates/entity.java.vm[line 76, column 26]
2019-04-03 15:44:45,062 - Left side (${logicDeleteFieldName}) of '==' operation has null value. If it is a reference, it may not be in the context or its toString() returned null. /templates/entity.java.vm[line 80, column 30]
2019-04-03 15:44:45,071 - ResourceManager : found /templates/mapper.java.vm with loader org.apache.velocity.runtime.resource.loader.ClasspathResourceLoader
2019-04-03 15:44:45,075 - ResourceManager : found /templates/mapper.xml.vm with loader org.apache.velocity.runtime.resource.loader.ClasspathResourceLoader
2019-04-03 15:44:45,077 - ResourceManager : found /templates/service.java.vm with loader org.apache.velocity.runtime.resource.loader.ClasspathResourceLoader
2019-04-03 15:44:45,082 - ResourceManager : found /templates/serviceImpl.java.vm with loader org.apache.velocity.runtime.resource.loader.ClasspathResourceLoader
2019-04-03 15:44:45,085 - ResourceManager : found /templates/controller.java.vm with loader org.apache.velocity.runtime.resource.loader.ClasspathResourceLoader
2019-04-06 08:14:30,371 - Log4JLogChute initialized using file 'velocity.log'
2019-04-06 08:14:30,372 - Initializing Velocity, Calling init()...
2019-04-06 08:14:30,372 - Starting Apache Velocity v1.7 (compiled: 2010-11-19 12:14:37)
2019-04-06 08:14:30,372 - Default Properties File: org\apache\velocity\runtime\defaults\velocity.properties
2019-04-06 08:14:30,372 - Trying to use logger class org.apache.velocity.runtime.log.AvalonLogChute
2019-04-06 08:14:30,372 - Target log system for org.apache.velocity.runtime.log.AvalonLogChute is not available (java.lang.NoClassDefFoundError: org/apache/log/format/Formatter).  Falling back to next log system...
2019-04-06 08:14:30,372 - Trying to use logger class org.apache.velocity.runtime.log.Log4JLogChute
2019-04-06 08:14:30,373 - Using logger class org.apache.velocity.runtime.log.Log4JLogChute
2019-04-06 08:14:30,377 - ResourceLoader instantiated: org.apache.velocity.runtime.resource.loader.ClasspathResourceLoader
2019-04-06 08:14:30,392 - ResourceCache: initialized (class org.apache.velocity.runtime.resource.ResourceCacheImpl) with class java.util.Collections$SynchronizedMap cache map.
2019-04-06 08:14:30,394 - Loaded System Directive: org.apache.velocity.runtime.directive.Stop
2019-04-06 08:14:30,395 - Loaded System Directive: org.apache.velocity.runtime.directive.Define
2019-04-06 08:14:30,395 - Loaded System Directive: org.apache.velocity.runtime.directive.Break
2019-04-06 08:14:30,396 - Loaded System Directive: org.apache.velocity.runtime.directive.Evaluate
2019-04-06 08:14:30,397 - Loaded System Directive: org.apache.velocity.runtime.directive.Literal
2019-04-06 08:14:30,398 - Loaded System Directive: org.apache.velocity.runtime.directive.Macro
2019-04-06 08:14:30,399 - Loaded System Directive: org.apache.velocity.runtime.directive.Parse
2019-04-06 08:14:30,400 - Loaded System Directive: org.apache.velocity.runtime.directive.Include
2019-04-06 08:14:30,402 - Loaded System Directive: org.apache.velocity.runtime.directive.Foreach
2019-04-06 08:14:30,430 - Created '20' parsers.
2019-04-06 08:14:30,435 - Velocimacro : "velocimacro.library" is not set.  Trying default library: VM_global_library.vm
2019-04-06 08:14:30,435 - Could not load resource 'VM_global_library.vm' from ResourceLoader org.apache.velocity.runtime.resource.loader.ClasspathResourceLoader: ClasspathResourceLoader Error: cannot find resource VM_global_library.vm
2019-04-06 08:14:30,435 - Velocimacro : Default library not found.
2019-04-06 08:14:30,435 - Velocimacro : allowInline = true : VMs can be defined inline in templates
2019-04-06 08:14:30,435 - Velocimacro : allowInlineToOverride = false : VMs defined inline may NOT replace previous VM definitions
2019-04-06 08:14:30,435 - Velocimacro : allowInlineLocal = false : VMs defined inline will be global in scope if allowed.
2019-04-06 08:14:30,436 - Velocimacro : autoload off : VM system will not automatically reload global library macros
2019-04-06 08:14:30,461 - ResourceManager : found /templates/entity.java.vm with loader org.apache.velocity.runtime.resource.loader.ClasspathResourceLoader
2019-04-06 08:14:30,526 - Left side (${versionFieldName}) of '==' operation has null value. If it is a reference, it may not be in the context or its toString() returned null. /templates/entity.java.vm[line 76, column 26]
2019-04-06 08:14:30,526 - Left side (${logicDeleteFieldName}) of '==' operation has null value. If it is a reference, it may not be in the context or its toString() returned null. /templates/entity.java.vm[line 80, column 30]
2019-04-06 08:14:30,526 - Left side (${versionFieldName}) of '==' operation has null value. If it is a reference, it may not be in the context or its toString() returned null. /templates/entity.java.vm[line 76, column 26]
2019-04-06 08:14:30,526 - Left side (${logicDeleteFieldName}) of '==' operation has null value. If it is a reference, it may not be in the context or its toString() returned null. /templates/entity.java.vm[line 80, column 30]
2019-04-06 08:14:30,526 - Left side (${versionFieldName}) of '==' operation has null value. If it is a reference, it may not be in the context or its toString() returned null. /templates/entity.java.vm[line 76, column 26]
2019-04-06 08:14:30,526 - Left side (${logicDeleteFieldName}) of '==' operation has null value. If it is a reference, it may not be in the context or its toString() returned null. /templates/entity.java.vm[line 80, column 30]
2019-04-06 08:14:30,526 - Left side (${versionFieldName}) of '==' operation has null value. If it is a reference, it may not be in the context or its toString() returned null. /templates/entity.java.vm[line 76, column 26]
2019-04-06 08:14:30,526 - Left side (${logicDeleteFieldName}) of '==' operation has null value. If it is a reference, it may not be in the context or its toString() returned null. /templates/entity.java.vm[line 80, column 30]
2019-04-06 08:14:30,526 - Left side (${versionFieldName}) of '==' operation has null value. If it is a reference, it may not be in the context or its toString() returned null. /templates/entity.java.vm[line 76, column 26]
2019-04-06 08:14:30,527 - Left side (${logicDeleteFieldName}) of '==' operation has null value. If it is a reference, it may not be in the context or its toString() returned null. /templates/entity.java.vm[line 80, column 30]
2019-04-06 08:14:30,529 - Left side (${versionFieldName}) of '==' operation has null value. If it is a reference, it may not be in the context or its toString() returned null. /templates/entity.java.vm[line 76, column 26]
2019-04-06 08:14:30,529 - Left side (${logicDeleteFieldName}) of '==' operation has null value. If it is a reference, it may not be in the context or its toString() returned null. /templates/entity.java.vm[line 80, column 30]
2019-04-06 08:14:30,529 - Left side (${versionFieldName}) of '==' operation has null value. If it is a reference, it may not be in the context or its toString() returned null. /templates/entity.java.vm[line 76, column 26]
2019-04-06 08:14:30,529 - Left side (${logicDeleteFieldName}) of '==' operation has null value. If it is a reference, it may not be in the context or its toString() returned null. /templates/entity.java.vm[line 80, column 30]
2019-04-06 08:14:30,555 - ResourceManager : found /templates/mapper.java.vm with loader org.apache.velocity.runtime.resource.loader.ClasspathResourceLoader
2019-04-06 08:14:30,559 - ResourceManager : found /templates/mapper.xml.vm with loader org.apache.velocity.runtime.resource.loader.ClasspathResourceLoader
2019-04-06 08:14:30,561 - ResourceManager : found /templates/service.java.vm with loader org.apache.velocity.runtime.resource.loader.ClasspathResourceLoader
2019-04-06 08:14:30,563 - ResourceManager : found /templates/serviceImpl.java.vm with loader org.apache.velocity.runtime.resource.loader.ClasspathResourceLoader
2019-04-06 08:14:30,567 - ResourceManager : found /templates/controller.java.vm with loader org.apache.velocity.runtime.resource.loader.ClasspathResourceLoader
2019-04-09 11:15:11,826 - Log4JLogChute initialized using file 'velocity.log'
2019-04-09 11:15:11,827 - Initializing Velocity, Calling init()...
2019-04-09 11:15:11,827 - Starting Apache Velocity v1.7 (compiled: 2010-11-19 12:14:37)
2019-04-09 11:15:11,827 - Default Properties File: org\apache\velocity\runtime\defaults\velocity.properties
2019-04-09 11:15:11,827 - Trying to use logger class org.apache.velocity.runtime.log.AvalonLogChute
2019-04-09 11:15:11,827 - Target log system for org.apache.velocity.runtime.log.AvalonLogChute is not available (java.lang.NoClassDefFoundError: org/apache/log/format/Formatter).  Falling back to next log system...
2019-04-09 11:15:11,827 - Trying to use logger class org.apache.velocity.runtime.log.Log4JLogChute
2019-04-09 11:15:11,827 - Using logger class org.apache.velocity.runtime.log.Log4JLogChute
2019-04-09 11:15:11,831 - ResourceLoader instantiated: org.apache.velocity.runtime.resource.loader.ClasspathResourceLoader
2019-04-09 11:15:11,846 - ResourceCache: initialized (class org.apache.velocity.runtime.resource.ResourceCacheImpl) with class java.util.Collections$SynchronizedMap cache map.
2019-04-09 11:15:11,848 - Loaded System Directive: org.apache.velocity.runtime.directive.Stop
2019-04-09 11:15:11,849 - Loaded System Directive: org.apache.velocity.runtime.directive.Define
2019-04-09 11:15:11,850 - Loaded System Directive: org.apache.velocity.runtime.directive.Break
2019-04-09 11:15:11,851 - Loaded System Directive: org.apache.velocity.runtime.directive.Evaluate
2019-04-09 11:15:11,852 - Loaded System Directive: org.apache.velocity.runtime.directive.Literal
2019-04-09 11:15:11,853 - Loaded System Directive: org.apache.velocity.runtime.directive.Macro
2019-04-09 11:15:11,855 - Loaded System Directive: org.apache.velocity.runtime.directive.Parse
2019-04-09 11:15:11,856 - Loaded System Directive: org.apache.velocity.runtime.directive.Include
2019-04-09 11:15:11,857 - Loaded System Directive: org.apache.velocity.runtime.directive.Foreach
2019-04-09 11:15:11,890 - Created '20' parsers.
2019-04-09 11:15:11,896 - Velocimacro : "velocimacro.library" is not set.  Trying default library: VM_global_library.vm
2019-04-09 11:15:11,897 - Could not load resource 'VM_global_library.vm' from ResourceLoader org.apache.velocity.runtime.resource.loader.ClasspathResourceLoader: ClasspathResourceLoader Error: cannot find resource VM_global_library.vm
2019-04-09 11:15:11,897 - Velocimacro : Default library not found.
2019-04-09 11:15:11,897 - Velocimacro : allowInline = true : VMs can be defined inline in templates
2019-04-09 11:15:11,897 - Velocimacro : allowInlineToOverride = false : VMs defined inline may NOT replace previous VM definitions
2019-04-09 11:15:11,897 - Velocimacro : allowInlineLocal = false : VMs defined inline will be global in scope if allowed.
2019-04-09 11:15:11,897 - Velocimacro : autoload off : VM system will not automatically reload global library macros
2019-04-09 11:15:11,923 - ResourceManager : found /templates/entity.java.vm with loader org.apache.velocity.runtime.resource.loader.ClasspathResourceLoader
2019-04-09 11:15:11,932 - Left side (${versionFieldName}) of '==' operation has null value. If it is a reference, it may not be in the context or its toString() returned null. /templates/entity.java.vm[line 76, column 26]
2019-04-09 11:15:11,932 - Left side (${logicDeleteFieldName}) of '==' operation has null value. If it is a reference, it may not be in the context or its toString() returned null. /templates/entity.java.vm[line 80, column 30]
2019-04-09 11:15:11,932 - Left side (${versionFieldName}) of '==' operation has null value. If it is a reference, it may not be in the context or its toString() returned null. /templates/entity.java.vm[line 76, column 26]
2019-04-09 11:15:11,932 - Left side (${logicDeleteFieldName}) of '==' operation has null value. If it is a reference, it may not be in the context or its toString() returned null. /templates/entity.java.vm[line 80, column 30]
2019-04-09 11:15:11,932 - Left side (${versionFieldName}) of '==' operation has null value. If it is a reference, it may not be in the context or its toString() returned null. /templates/entity.java.vm[line 76, column 26]
2019-04-09 11:15:11,932 - Left side (${logicDeleteFieldName}) of '==' operation has null value. If it is a reference, it may not be in the context or its toString() returned null. /templates/entity.java.vm[line 80, column 30]
2019-04-09 11:15:11,932 - Left side (${versionFieldName}) of '==' operation has null value. If it is a reference, it may not be in the context or its toString() returned null. /templates/entity.java.vm[line 76, column 26]
2019-04-09 11:15:11,933 - Left side (${logicDeleteFieldName}) of '==' operation has null value. If it is a reference, it may not be in the context or its toString() returned null. /templates/entity.java.vm[line 80, column 30]
2019-04-09 11:15:11,933 - Left side (${versionFieldName}) of '==' operation has null value. If it is a reference, it may not be in the context or its toString() returned null. /templates/entity.java.vm[line 76, column 26]
2019-04-09 11:15:11,933 - Left side (${logicDeleteFieldName}) of '==' operation has null value. If it is a reference, it may not be in the context or its toString() returned null. /templates/entity.java.vm[line 80, column 30]
2019-04-09 11:15:11,935 - Left side (${versionFieldName}) of '==' operation has null value. If it is a reference, it may not be in the context or its toString() returned null. /templates/entity.java.vm[line 76, column 26]
2019-04-09 11:15:11,935 - Left side (${logicDeleteFieldName}) of '==' operation has null value. If it is a reference, it may not be in the context or its toString() returned null. /templates/entity.java.vm[line 80, column 30]
2019-04-09 11:15:11,935 - Left side (${versionFieldName}) of '==' operation has null value. If it is a reference, it may not be in the context or its toString() returned null. /templates/entity.java.vm[line 76, column 26]
2019-04-09 11:15:11,935 - Left side (${logicDeleteFieldName}) of '==' operation has null value. If it is a reference, it may not be in the context or its toString() returned null. /templates/entity.java.vm[line 80, column 30]
2019-04-09 11:15:11,944 - ResourceManager : found /templates/mapper.java.vm with loader org.apache.velocity.runtime.resource.loader.ClasspathResourceLoader
2019-04-09 11:15:11,947 - ResourceManager : found /templates/mapper.xml.vm with loader org.apache.velocity.runtime.resource.loader.ClasspathResourceLoader
2019-04-09 11:15:11,949 - ResourceManager : found /templates/service.java.vm with loader org.apache.velocity.runtime.resource.loader.ClasspathResourceLoader
2019-04-09 11:15:11,953 - ResourceManager : found /templates/serviceImpl.java.vm with loader org.apache.velocity.runtime.resource.loader.ClasspathResourceLoader
2019-04-09 11:15:11,956 - ResourceManager : found /templates/controller.java.vm with loader org.apache.velocity.runtime.resource.loader.ClasspathResourceLoader
2019-04-25 09:50:02,833 - Log4JLogChute initialized using file 'velocity.log'
2019-04-25 09:50:02,833 - Initializing Velocity, Calling init()...
2019-04-25 09:50:02,834 - Starting Apache Velocity v1.7 (compiled: 2010-11-19 12:14:37)
2019-04-25 09:50:02,834 - Default Properties File: org\apache\velocity\runtime\defaults\velocity.properties
2019-04-25 09:50:02,834 - Trying to use logger class org.apache.velocity.runtime.log.AvalonLogChute
2019-04-25 09:50:02,834 - Target log system for org.apache.velocity.runtime.log.AvalonLogChute is not available (java.lang.NoClassDefFoundError: org/apache/log/format/Formatter).  Falling back to next log system...
2019-04-25 09:50:02,834 - Trying to use logger class org.apache.velocity.runtime.log.Log4JLogChute
2019-04-25 09:50:02,834 - Using logger class org.apache.velocity.runtime.log.Log4JLogChute
2019-04-25 09:50:02,837 - ResourceLoader instantiated: org.apache.velocity.runtime.resource.loader.ClasspathResourceLoader
2019-04-25 09:50:02,850 - ResourceCache: initialized (class org.apache.velocity.runtime.resource.ResourceCacheImpl) with class java.util.Collections$SynchronizedMap cache map.
2019-04-25 09:50:02,852 - Loaded System Directive: org.apache.velocity.runtime.directive.Stop
2019-04-25 09:50:02,852 - Loaded System Directive: org.apache.velocity.runtime.directive.Define
2019-04-25 09:50:02,853 - Loaded System Directive: org.apache.velocity.runtime.directive.Break
2019-04-25 09:50:02,854 - Loaded System Directive: org.apache.velocity.runtime.directive.Evaluate
2019-04-25 09:50:02,854 - Loaded System Directive: org.apache.velocity.runtime.directive.Literal
2019-04-25 09:50:02,855 - Loaded System Directive: org.apache.velocity.runtime.directive.Macro
2019-04-25 09:50:02,856 - Loaded System Directive: org.apache.velocity.runtime.directive.Parse
2019-04-25 09:50:02,857 - Loaded System Directive: org.apache.velocity.runtime.directive.Include
2019-04-25 09:50:02,859 - Loaded System Directive: org.apache.velocity.runtime.directive.Foreach
2019-04-25 09:50:02,888 - Created '20' parsers.
2019-04-25 09:50:02,892 - Velocimacro : "velocimacro.library" is not set.  Trying default library: VM_global_library.vm
2019-04-25 09:50:02,893 - Could not load resource 'VM_global_library.vm' from ResourceLoader org.apache.velocity.runtime.resource.loader.ClasspathResourceLoader: ClasspathResourceLoader Error: cannot find resource VM_global_library.vm
2019-04-25 09:50:02,893 - Velocimacro : Default library not found.
2019-04-25 09:50:02,893 - Velocimacro : allowInline = true : VMs can be defined inline in templates
2019-04-25 09:50:02,893 - Velocimacro : allowInlineToOverride = false : VMs defined inline may NOT replace previous VM definitions
2019-04-25 09:50:02,894 - Velocimacro : allowInlineLocal = false : VMs defined inline will be global in scope if allowed.
2019-04-25 09:50:02,894 - Velocimacro : autoload off : VM system will not automatically reload global library macros
2019-04-25 09:50:02,931 - ResourceManager : found /templates/entity.java.vm with loader org.apache.velocity.runtime.resource.loader.ClasspathResourceLoader
2019-04-25 09:50:02,959 - Left side (${versionFieldName}) of '==' operation has null value. If it is a reference, it may not be in the context or its toString() returned null. /templates/entity.java.vm[line 76, column 26]
2019-04-25 09:50:02,959 - Left side (${logicDeleteFieldName}) of '==' operation has null value. If it is a reference, it may not be in the context or its toString() returned null. /templates/entity.java.vm[line 80, column 30]
2019-04-25 09:50:02,959 - Left side (${versionFieldName}) of '==' operation has null value. If it is a reference, it may not be in the context or its toString() returned null. /templates/entity.java.vm[line 76, column 26]
2019-04-25 09:50:02,959 - Left side (${logicDeleteFieldName}) of '==' operation has null value. If it is a reference, it may not be in the context or its toString() returned null. /templates/entity.java.vm[line 80, column 30]
2019-04-25 09:50:02,988 - ResourceManager : found /templates/mapper.java.vm with loader org.apache.velocity.runtime.resource.loader.ClasspathResourceLoader
2019-04-25 09:50:02,991 - ResourceManager : found /templates/mapper.xml.vm with loader org.apache.velocity.runtime.resource.loader.ClasspathResourceLoader
2019-04-25 09:50:02,994 - ResourceManager : found /templates/service.java.vm with loader org.apache.velocity.runtime.resource.loader.ClasspathResourceLoader
2019-04-25 09:50:02,996 - ResourceManager : found /templates/serviceImpl.java.vm with loader org.apache.velocity.runtime.resource.loader.ClasspathResourceLoader
2019-04-25 09:50:03,000 - ResourceManager : found /templates/controller.java.vm with loader org.apache.velocity.runtime.resource.loader.ClasspathResourceLoader
2019-04-25 09:59:26,841 - Log4JLogChute initialized using file 'velocity.log'
2019-04-25 09:59:26,841 - Initializing Velocity, Calling init()...
2019-04-25 09:59:26,841 - Starting Apache Velocity v1.7 (compiled: 2010-11-19 12:14:37)
2019-04-25 09:59:26,841 - Default Properties File: org\apache\velocity\runtime\defaults\velocity.properties
2019-04-25 09:59:26,841 - Trying to use logger class org.apache.velocity.runtime.log.AvalonLogChute
2019-04-25 09:59:26,841 - Target log system for org.apache.velocity.runtime.log.AvalonLogChute is not available (java.lang.NoClassDefFoundError: org/apache/log/format/Formatter).  Falling back to next log system...
2019-04-25 09:59:26,841 - Trying to use logger class org.apache.velocity.runtime.log.Log4JLogChute
2019-04-25 09:59:26,841 - Using logger class org.apache.velocity.runtime.log.Log4JLogChute
2019-04-25 09:59:26,844 - ResourceLoader instantiated: org.apache.velocity.runtime.resource.loader.ClasspathResourceLoader
2019-04-25 09:59:26,854 - ResourceCache: initialized (class org.apache.velocity.runtime.resource.ResourceCacheImpl) with class java.util.Collections$SynchronizedMap cache map.
2019-04-25 09:59:26,855 - Loaded System Directive: org.apache.velocity.runtime.directive.Stop
2019-04-25 09:59:26,855 - Loaded System Directive: org.apache.velocity.runtime.directive.Define
2019-04-25 09:59:26,856 - Loaded System Directive: org.apache.velocity.runtime.directive.Break
2019-04-25 09:59:26,856 - Loaded System Directive: org.apache.velocity.runtime.directive.Evaluate
2019-04-25 09:59:26,857 - Loaded System Directive: org.apache.velocity.runtime.directive.Literal
2019-04-25 09:59:26,857 - Loaded System Directive: org.apache.velocity.runtime.directive.Macro
2019-04-25 09:59:26,859 - Loaded System Directive: org.apache.velocity.runtime.directive.Parse
2019-04-25 09:59:26,859 - Loaded System Directive: org.apache.velocity.runtime.directive.Include
2019-04-25 09:59:26,860 - Loaded System Directive: org.apache.velocity.runtime.directive.Foreach
2019-04-25 09:59:26,885 - Created '20' parsers.
2019-04-25 09:59:26,889 - Velocimacro : "velocimacro.library" is not set.  Trying default library: VM_global_library.vm
2019-04-25 09:59:26,890 - Could not load resource 'VM_global_library.vm' from ResourceLoader org.apache.velocity.runtime.resource.loader.ClasspathResourceLoader: ClasspathResourceLoader Error: cannot find resource VM_global_library.vm
2019-04-25 09:59:26,890 - Velocimacro : Default library not found.
2019-04-25 09:59:26,890 - Velocimacro : allowInline = true : VMs can be defined inline in templates
2019-04-25 09:59:26,890 - Velocimacro : allowInlineToOverride = false : VMs defined inline may NOT replace previous VM definitions
2019-04-25 09:59:26,890 - Velocimacro : allowInlineLocal = false : VMs defined inline will be global in scope if allowed.
2019-04-25 09:59:26,890 - Velocimacro : autoload off : VM system will not automatically reload global library macros
2019-04-25 09:59:26,912 - ResourceManager : found /templates/entity.java.vm with loader org.apache.velocity.runtime.resource.loader.ClasspathResourceLoader
2019-04-25 09:59:26,924 - Left side (${versionFieldName}) of '==' operation has null value. If it is a reference, it may not be in the context or its toString() returned null. /templates/entity.java.vm[line 76, column 26]
2019-04-25 09:59:26,924 - Left side (${logicDeleteFieldName}) of '==' operation has null value. If it is a reference, it may not be in the context or its toString() returned null. /templates/entity.java.vm[line 80, column 30]
2019-04-25 09:59:26,924 - Left side (${versionFieldName}) of '==' operation has null value. If it is a reference, it may not be in the context or its toString() returned null. /templates/entity.java.vm[line 76, column 26]
2019-04-25 09:59:26,924 - Left side (${logicDeleteFieldName}) of '==' operation has null value. If it is a reference, it may not be in the context or its toString() returned null. /templates/entity.java.vm[line 80, column 30]
2019-04-25 09:59:26,931 - ResourceManager : found /templates/mapper.java.vm with loader org.apache.velocity.runtime.resource.loader.ClasspathResourceLoader
2019-04-25 09:59:26,935 - ResourceManager : found /templates/mapper.xml.vm with loader org.apache.velocity.runtime.resource.loader.ClasspathResourceLoader
2019-04-25 09:59:26,939 - ResourceManager : found /templates/service.java.vm with loader org.apache.velocity.runtime.resource.loader.ClasspathResourceLoader
2019-04-25 09:59:26,942 - ResourceManager : found /templates/serviceImpl.java.vm with loader org.apache.velocity.runtime.resource.loader.ClasspathResourceLoader
2019-04-25 09:59:26,945 - ResourceManager : found /templates/controller.java.vm with loader org.apache.velocity.runtime.resource.loader.ClasspathResourceLoader
2019-04-25 10:00:59,799 - Log4JLogChute initialized using file 'velocity.log'
2019-04-25 10:00:59,800 - Initializing Velocity, Calling init()...
2019-04-25 10:00:59,800 - Starting Apache Velocity v1.7 (compiled: 2010-11-19 12:14:37)
2019-04-25 10:00:59,800 - Default Properties File: org\apache\velocity\runtime\defaults\velocity.properties
2019-04-25 10:00:59,800 - Trying to use logger class org.apache.velocity.runtime.log.AvalonLogChute
2019-04-25 10:00:59,800 - Target log system for org.apache.velocity.runtime.log.AvalonLogChute is not available (java.lang.NoClassDefFoundError: org/apache/log/format/Formatter).  Falling back to next log system...
2019-04-25 10:00:59,800 - Trying to use logger class org.apache.velocity.runtime.log.Log4JLogChute
2019-04-25 10:00:59,800 - Using logger class org.apache.velocity.runtime.log.Log4JLogChute
2019-04-25 10:00:59,805 - ResourceLoader instantiated: org.apache.velocity.runtime.resource.loader.ClasspathResourceLoader
2019-04-25 10:00:59,821 - ResourceCache: initialized (class org.apache.velocity.runtime.resource.ResourceCacheImpl) with class java.util.Collections$SynchronizedMap cache map.
2019-04-25 10:00:59,822 - Loaded System Directive: org.apache.velocity.runtime.directive.Stop
2019-04-25 10:00:59,823 - Loaded System Directive: org.apache.velocity.runtime.directive.Define
2019-04-25 10:00:59,823 - Loaded System Directive: org.apache.velocity.runtime.directive.Break
2019-04-25 10:00:59,824 - Loaded System Directive: org.apache.velocity.runtime.directive.Evaluate
2019-04-25 10:00:59,824 - Loaded System Directive: org.apache.velocity.runtime.directive.Literal
2019-04-25 10:00:59,825 - Loaded System Directive: org.apache.velocity.runtime.directive.Macro
2019-04-25 10:00:59,826 - Loaded System Directive: org.apache.velocity.runtime.directive.Parse
2019-04-25 10:00:59,828 - Loaded System Directive: org.apache.velocity.runtime.directive.Include
2019-04-25 10:00:59,829 - Loaded System Directive: org.apache.velocity.runtime.directive.Foreach
2019-04-25 10:00:59,854 - Created '20' parsers.
2019-04-25 10:00:59,859 - Velocimacro : "velocimacro.library" is not set.  Trying default library: VM_global_library.vm
2019-04-25 10:00:59,859 - Could not load resource 'VM_global_library.vm' from ResourceLoader org.apache.velocity.runtime.resource.loader.ClasspathResourceLoader: ClasspathResourceLoader Error: cannot find resource VM_global_library.vm
2019-04-25 10:00:59,860 - Velocimacro : Default library not found.
2019-04-25 10:00:59,860 - Velocimacro : allowInline = true : VMs can be defined inline in templates
2019-04-25 10:00:59,860 - Velocimacro : allowInlineToOverride = false : VMs defined inline may NOT replace previous VM definitions
2019-04-25 10:00:59,860 - Velocimacro : allowInlineLocal = false : VMs defined inline will be global in scope if allowed.
2019-04-25 10:00:59,860 - Velocimacro : autoload off : VM system will not automatically reload global library macros
2019-04-25 10:00:59,889 - ResourceManager : found /templates/entity.java.vm with loader org.apache.velocity.runtime.resource.loader.ClasspathResourceLoader
2019-04-25 10:00:59,904 - Left side (${versionFieldName}) of '==' operation has null value. If it is a reference, it may not be in the context or its toString() returned null. /templates/entity.java.vm[line 76, column 26]
2019-04-25 10:00:59,904 - Left side (${logicDeleteFieldName}) of '==' operation has null value. If it is a reference, it may not be in the context or its toString() returned null. /templates/entity.java.vm[line 80, column 30]
2019-04-25 10:00:59,904 - Left side (${versionFieldName}) of '==' operation has null value. If it is a reference, it may not be in the context or its toString() returned null. /templates/entity.java.vm[line 76, column 26]
2019-04-25 10:00:59,905 - Left side (${logicDeleteFieldName}) of '==' operation has null value. If it is a reference, it may not be in the context or its toString() returned null. /templates/entity.java.vm[line 80, column 30]
2019-04-25 10:00:59,913 - ResourceManager : found /templates/mapper.java.vm with loader org.apache.velocity.runtime.resource.loader.ClasspathResourceLoader
2019-04-25 10:00:59,916 - ResourceManager : found /templates/mapper.xml.vm with loader org.apache.velocity.runtime.resource.loader.ClasspathResourceLoader
2019-04-25 10:00:59,918 - ResourceManager : found /templates/service.java.vm with loader org.apache.velocity.runtime.resource.loader.ClasspathResourceLoader
2019-04-25 10:00:59,923 - ResourceManager : found /templates/serviceImpl.java.vm with loader org.apache.velocity.runtime.resource.loader.ClasspathResourceLoader
2019-04-25 10:00:59,926 - ResourceManager : found /templates/controller.java.vm with loader org.apache.velocity.runtime.resource.loader.ClasspathResourceLoader
